{
  "RSpec": {
    "coverage": {
      "/Users/tomasdelima/rails/store/config/environment.rb": [
        null,
        1,
        null,
        null,
        1
      ],
      "/Users/tomasdelima/rails/store/config/application.rb": [
        1,
        null,
        1,
        null,
        null,
        null,
        1,
        null,
        1,
        1,
        null,
        null,
        null,
        null,
        null,
        null,
        null,
        null,
        null,
        null,
        null,
        null,
        null
      ],
      "/Users/tomasdelima/rails/store/config/boot.rb": [
        null,
        1,
        null,
        1
      ],
      "/Users/tomasdelima/rails/store/config/environments/test.rb": [
        1,
        null,
        null,
        null,
        null,
        null,
        null,
        1,
        null,
        null,
        null,
        null,
        1,
        null,
        null,
        1,
        1,
        null,
        null,
        1,
        1,
        null,
        null,
        1,
        null,
        null,
        1,
        null,
        null,
        null,
        null,
        1,
        null,
        null,
        1,
        null
      ],
      "/Users/tomasdelima/rails/store/config/initializers/backtrace_silencers.rb": [
        null,
        null,
        null,
        null,
        null,
        null,
        null
      ],
      "/Users/tomasdelima/rails/store/config/initializers/devise.rb": [
        null,
        null,
        1,
        null,
        null,
        null,
        1,
        null,
        null,
        null,
        null,
        null,
        null,
        null,
        null,
        1,
        null,
        null,
        null,
        null,
        null,
        null,
        null,
        null,
        null,
        null,
        null,
        null,
        null,
        null,
        null,
        null,
        null,
        null,
        null,
        null,
        null,
        1,
        null,
        null,
        null,
        null,
        1,
        null,
        null,
        null,
        null,
        null,
        null,
        null,
        null,
        null,
        null,
        null,
        null,
        null,
        null,
        null,
        null,
        null,
        null,
        null,
        null,
        null,
        null,
        null,
        null,
        null,
        null,
        null,
        null,
        null,
        null,
        null,
        null,
        null,
        1,
        null,
        null,
        null,
        null,
        null,
        null,
        null,
        null,
        1,
        null,
        null,
        null,
        null,
        null,
        null,
        null,
        null,
        null,
        null,
        null,
        null,
        null,
        null,
        null,
        null,
        null,
        null,
        null,
        null,
        null,
        null,
        null,
        null,
        1,
        null,
        null,
        null,
        null,
        null,
        null,
        null,
        null,
        null,
        null,
        null,
        null,
        null,
        null,
        null,
        null,
        null,
        1,
        null,
        null,
        null,
        null,
        null,
        null,
        null,
        null,
        null,
        null,
        null,
        null,
        null,
        null,
        null,
        null,
        null,
        null,
        null,
        null,
        null,
        null,
        null,
        null,
        null,
        null,
        null,
        null,
        null,
        null,
        null,
        null,
        null,
        null,
        null,
        null,
        null,
        null,
        null,
        null,
        null,
        null,
        null,
        null,
        null,
        1,
        null,
        null,
        null,
        null,
        null,
        null,
        null,
        null,
        null,
        null,
        null,
        null,
        null,
        null,
        null,
        null,
        null,
        null,
        null,
        null,
        null,
        null,
        null,
        null,
        null,
        null,
        null,
        null,
        null,
        null,
        null,
        null,
        null,
        null,
        null,
        null,
        null,
        null,
        null,
        null,
        null,
        1,
        null,
        null,
        null,
        null,
        null,
        null,
        null,
        null,
        null,
        null,
        null,
        null,
        null,
        null,
        null,
        null,
        null,
        null,
        null,
        null,
        null,
        null,
        null,
        null,
        null,
        null,
        null,
        null,
        null
      ],
      "/Users/tomasdelima/rails/store/config/initializers/filter_parameter_logging.rb": [
        null,
        null,
        null,
        1
      ],
      "/Users/tomasdelima/rails/store/config/initializers/inflections.rb": [
        null,
        null,
        null,
        null,
        null,
        null,
        null,
        null,
        null,
        null,
        null,
        null,
        null,
        null,
        null,
        null
      ],
      "/Users/tomasdelima/rails/store/config/initializers/mime_types.rb": [
        null,
        null,
        null,
        null,
        null
      ],
      "/Users/tomasdelima/rails/store/config/initializers/secret_token.rb": [
        null,
        null,
        null,
        null,
        null,
        null,
        null,
        null,
        null,
        null,
        null,
        1
      ],
      "/Users/tomasdelima/rails/store/config/initializers/session_store.rb": [
        null,
        null,
        1
      ],
      "/Users/tomasdelima/rails/store/config/initializers/wrap_parameters.rb": [
        null,
        null,
        null,
        null,
        null,
        null,
        1,
        1,
        null,
        null,
        null,
        null,
        null,
        null
      ],
      "/Users/tomasdelima/rails/store/spec/factories/cart.rb": [
        1,
        1,
        null,
        null
      ],
      "/Users/tomasdelima/rails/store/spec/factories/orders.rb": [
        null,
        null,
        1,
        1,
        1,
        null,
        null
      ],
      "/Users/tomasdelima/rails/store/spec/factories/product.rb": [
        1,
        1,
        1,
        1,
        null,
        null
      ],
      "/Users/tomasdelima/rails/store/spec/factories/user.rb": [
        1,
        1,
        1,
        1,
        1,
        null,
        null
      ],
      "/Users/tomasdelima/rails/store/config/routes.rb": [
        1,
        null,
        1,
        1,
        1,
        null,
        1,
        null,
        1,
        null,
        1,
        null,
        1,
        null,
        1,
        null,
        null,
        null,
        null,
        null,
        null,
        null,
        null,
        null,
        null,
        null,
        null,
        null,
        null,
        null,
        null,
        null,
        null,
        null,
        null,
        null,
        null,
        null,
        null,
        null,
        null,
        null,
        null,
        null,
        null,
        null,
        null,
        null,
        null,
        null,
        null,
        null,
        null,
        null,
        null,
        null,
        null,
        null,
        null,
        null,
        null,
        null,
        null,
        null,
        null,
        null,
        null,
        null,
        null,
        null,
        null,
        null
      ],
      "/Users/tomasdelima/rails/store/app/models/user.rb": [
        1,
        null,
        null,
        null,
        1,
        null,
        1,
        1,
        1,
        null
      ],
      "/Users/tomasdelima/rails/store/app/helpers/application_helper.rb": [
        1,
        null
      ],
      "/Users/tomasdelima/rails/store/app/helpers/cart_helper.rb": [
        1,
        null
      ],
      "/Users/tomasdelima/rails/store/app/helpers/order_helper.rb": [
        1,
        null
      ],
      "/Users/tomasdelima/rails/store/app/helpers/product_helper.rb": [
        1,
        null
      ],
      "/Users/tomasdelima/rails/store/app/helpers/user_helper.rb": [
        1,
        null
      ],
      "/Users/tomasdelima/rails/store/spec/features/order_spec.rb": [
        1,
        null,
        1,
        1,
        2,
        2,
        2,
        2,
        2,
        2,
        2,
        2,
        2,
        2,
        2,
        null,
        null,
        1,
        1,
        null,
        null,
        1,
        1,
        null,
        null,
        null,
        null,
        null,
        null,
        1,
        1,
        2,
        2,
        2,
        2,
        null,
        null,
        1,
        1,
        1,
        1,
        1,
        1,
        1,
        1,
        null,
        null,
        1,
        1,
        1,
        1,
        1,
        1,
        1,
        1,
        null,
        null
      ],
      "/Users/tomasdelima/rails/store/spec/features/product_spec.rb": [
        1,
        null,
        1,
        1,
        5,
        5,
        5,
        null,
        null,
        1,
        1,
        1,
        null,
        null,
        1,
        1,
        1,
        null,
        null,
        1,
        1,
        1,
        1,
        1,
        null,
        null,
        1,
        1,
        1,
        1,
        1,
        1,
        1,
        null,
        null,
        1,
        1,
        1,
        null,
        null,
        null,
        1,
        1,
        3,
        3,
        3,
        3,
        3,
        3,
        3,
        null,
        null,
        1,
        1,
        1,
        1,
        null,
        null,
        1,
        1,
        1,
        1,
        1,
        1,
        null,
        null,
        1,
        1,
        1,
        1,
        null,
        null,
        null
      ],
      "/Users/tomasdelima/rails/store/spec/features/user_spec.rb": [
        1,
        null,
        1,
        1,
        4,
        4,
        null,
        null,
        1,
        1,
        1,
        1,
        1,
        1,
        1,
        1,
        null,
        null,
        1,
        1,
        1,
        1,
        1,
        1,
        null,
        null,
        1,
        1,
        1,
        1,
        1,
        1,
        null,
        null,
        1,
        1,
        1,
        1,
        1,
        1,
        1,
        1,
        null,
        null,
        null,
        1,
        1,
        2,
        2,
        2,
        null,
        null,
        1,
        1,
        1,
        1,
        1,
        1,
        1,
        1,
        1,
        1,
        1,
        null,
        null,
        1,
        1,
        1,
        1,
        1,
        1,
        1,
        1,
        1,
        null,
        null
      ],
      "/Users/tomasdelima/rails/store/spec/helpers/order_helper_spec.rb": [
        1,
        null,
        null,
        null,
        null,
        null,
        null,
        null,
        null,
        null,
        null,
        null,
        1,
        null
      ],
      "/Users/tomasdelima/rails/store/spec/models/cart_spec.rb": [
        1,
        null,
        1,
        null
      ],
      "/Users/tomasdelima/rails/store/app/models/cart.rb": [
        1,
        1,
        1,
        null
      ],
      "/Users/tomasdelima/rails/store/spec/models/order_spec.rb": [
        1,
        null,
        1,
        1,
        3,
        3,
        3,
        null,
        null,
        1,
        1,
        1,
        null,
        null,
        1,
        1,
        null,
        null,
        1,
        1,
        1,
        null,
        null
      ],
      "/Users/tomasdelima/rails/store/spec/models/product_spec.rb": [
        1,
        null,
        1,
        null
      ],
      "/Users/tomasdelima/rails/store/app/models/product.rb": [
        1,
        1,
        1,
        1,
        null
      ],
      "/Users/tomasdelima/rails/store/spec/models/user_spec.rb": [
        1,
        null,
        1,
        null
      ],
      "/Users/tomasdelima/rails/store/spec/views/order/index.html.erb_spec.rb": [
        1,
        null,
        1,
        null
      ],
      "/Users/tomasdelima/rails/store/app/models/order.rb": [
        1,
        1,
        1,
        1,
        1,
        null,
        1,
        8,
        8,
        5,
        5,
        5,
        5,
        5,
        null,
        8,
        null,
        null
      ],
      "/Users/tomasdelima/rails/store/app/controllers/products_controller.rb": [
        1,
        1,
        null,
        1,
        35,
        null,
        null,
        1,
        5,
        5,
        1,
        1,
        null,
        null,
        null,
        1,
        2,
        2,
        2,
        null,
        2,
        null,
        null,
        null,
        1,
        1,
        null,
        null,
        1,
        2,
        null,
        null,
        null
      ],
      "/Users/tomasdelima/rails/store/app/controllers/application_controller.rb": [
        1,
        null,
        null,
        1,
        1,
        null,
        1,
        105,
        null,
        null,
        null
      ],
      "/Users/tomasdelima/rails/store/app/controllers/users/registrations_controller.rb": [
        1,
        1,
        2,
        null,
        1,
        null
      ],
      "/Users/tomasdelima/rails/store/app/controllers/carts_controller.rb": [
        1,
        1,
        null,
        1,
        null,
        null,
        null,
        null,
        null,
        null,
        1,
        5,
        5,
        2,
        2,
        2,
        2,
        null,
        3,
        3,
        2,
        null,
        1,
        null,
        null,
        null,
        null,
        null,
        null,
        1,
        5,
        5,
        10,
        5,
        null,
        null,
        null,
        null,
        null,
        null,
        null,
        1,
        30,
        null,
        null,
        1,
        1,
        1,
        1,
        null,
        null,
        1,
        5,
        null,
        null,
        null
      ]
    },
    "timestamp": 1386167441
  }
}
